<?xml version="1.0" encoding="UTF-8"?>
<!-- Generated by org.testng.reporters.JUnitXMLReporter -->
<testsuite hostname="Bhumit-PC" ignored="0" name="barnabas-automation" tests="5" failures="0" timestamp="2021-05-19T11:47:50 IST" time="135.712" errors="0">
  <testcase name="barnabas_001_verifyLoginApplication" time="7.386" classname="Tests.BarnabasStagingTest"/>
  <testcase name="barnabas_002_verifyNewCreatedEvent" time="92.724" classname="Tests.BarnabasStagingTest"/>
  <testcase name="barnabas_003_verifyEditEvent" time="13.065" classname="Tests.BarnabasStagingTest"/>
  <testcase name="barnabas_004_verifyDuplicateEvent" time="8.061" classname="Tests.BarnabasStagingTest"/>
  <testcase name="barnabas_005_verifySortingOfEvent" time="13.583" classname="Tests.BarnabasStagingTest"/>
</testsuite> <!-- barnabas-automation -->
