<?xml version="1.0" encoding="UTF-8"?>
<!-- Generated by org.testng.reporters.JUnitXMLReporter -->
<testsuite hostname="Bhumit-PC" ignored="4" name="barnabas-automation" tests="1" failures="0" timestamp="2021-05-16T11:16:57 IST" time="6.298" errors="0">
  <testcase name="barnabas_001_verifyLoginApplication" time="5.226" classname="Tests.BarnabasStagingTest"/>
  <testcase name="barnabas_004_verifySortingOfEvent" time="0.0" classname="Tests.BarnabasStagingTest">
    <ignored/>
  </testcase> <!-- barnabas_004_verifySortingOfEvent -->
  <testcase name="barnabas_003_verifyEditEvent" time="0.0" classname="Tests.BarnabasStagingTest">
    <ignored/>
  </testcase> <!-- barnabas_003_verifyEditEvent -->
  <testcase name="barnabas_002_verifyNewCreatedEvent" time="0.0" classname="Tests.BarnabasStagingTest">
    <ignored/>
  </testcase> <!-- barnabas_002_verifyNewCreatedEvent -->
  <testcase name="barnabas_004_verifyDuplicateEvent" time="0.0" classname="Tests.BarnabasStagingTest">
    <ignored/>
  </testcase> <!-- barnabas_004_verifyDuplicateEvent -->
</testsuite> <!-- barnabas-automation -->
